C51 COMPILER V9.00   ADC                                                                   11/08/2015 02:11:38 PAGE 1   


C51 COMPILER V9.00, COMPILATION OF MODULE ADC
OBJECT MODULE PLACED IN ADC.obj
COMPILER INVOKED BY: D:\Keil\C51\BIN\C51.EXE user\ADC.c BROWSE DEBUG OBJECTEXTEND PRINT(.\ADC.lst) OBJECT(ADC.obj)

line level    source

   1          /*------------------------------------------------------------------*/
   2          /* --- STC MCU Limited ---------------------------------------------*/
   3          /* --- STC12C5Axx Series MCU A/D Conversion Demo -------------------*/
   4          /* --- Mobile: (86)13922805190 -------------------------------------*/
   5          /* --- Fax: 86-0513-55012956,55012947,55012969 ---------------------*/
   6          /* --- Tel: 86-0513-55012928,55012929,55012966----------------------*/
   7          /* --- Web: www.STCMCU.com -----------------------------------------*/
   8          /* --- Web: www.GXWMCU.com -----------------------------------------*/
   9          /* If you want to use the program or the program referenced in the  */
  10          /* article, please specify in which data and procedures from STC    */
  11          /*------------------------------------------------------------------*/
  12          /*  Includes  ----------------------------------------------------- */
  13                  #include "STC12C5A60S2.h"
  14                  #include "intrins.h"
  15                  #include "ADC.h"
  16                  #include "PCA.h"
  17          
  18          /*  Variable -------------------------------------------------------*/
  19                  extern u16 ADC_value[TIMES];                        //ADC channel NO.
  20                  u8 times=0;
  21                  extern bit idenA;
  22          
  23          /*----------------------------
  24          ADC interrupt service routine
  25          ----------------------------*/
  26          void adc_isr() interrupt 5 using 3
  27          {
  28   1              ADC_CONTR &= !ADC_FLAG;         //Clear ADC interrupt flag
  29   1              /*if(P0 & 0x3c) 
  30   1              {
  31   1                      idenA=1;
  32   1                      pwm(0,0);
  33   1              }*/
  34   1              if(++times > (TIMES-1)) times=0;
  35   1          ADC_value[TIMES]=(ADC_RES << 2) + (ADC_RESL & 0x03);//Get ADC 10-bit result and Send to UART
  36   1              ADC_CONTR = ADC_POWER | ADC_SPEEDLL | ADC_START | 1;
  37   1      }
  38          
  39          void Delay_fix(u16 n);
  40          /*----------------------------
  41          Initial ADC sfr
  42          ----------------------------*/
  43          void ADC_Init(void)
  44          {
  45   1          P1ASF = 0x02;                   //Set all P1 as analog input port
  46   1          ADC_RES = 0;                    //Clear previous result
  47   1              IE |= 0x20;                      //Enable ADC interrupt and Open master interrupt switch
  48   1                                          //Start A/D conversion
  49   1          ADC_CONTR = ADC_POWER | ADC_SPEEDLL | ADC_START | 1;
  50   1          Delay_fix(2);                       //ADC power-on delay and Start A/D conversion
  51   1              
  52   1      }
  53          
  54          /*----------------------------
  55          Software delay function
C51 COMPILER V9.00   ADC                                                                   11/08/2015 02:11:38 PAGE 2   

  56          ----------------------------*/
  57          void Delay_fix(u16 n)
  58          {
  59   1          u16 x;
  60   1      
  61   1          while (n--)
  62   1          {
  63   2              x = 10000;
  64   2              while (x--);
  65   2          }
  66   1      }
  67          


MODULE INFORMATION:   STATIC OVERLAYABLE
   CODE SIZE        =    102    ----
   CONSTANT SIZE    =   ----    ----
   XDATA SIZE       =   ----    ----
   PDATA SIZE       =   ----    ----
   DATA SIZE        =      1    ----
   IDATA SIZE       =   ----    ----
   BIT SIZE         =   ----    ----
END OF MODULE INFORMATION.


C51 COMPILATION COMPLETE.  0 WARNING(S),  0 ERROR(S)
