C51 COMPILER V9.00   TIM                                                                   11/06/2015 11:54:20 PAGE 1   


C51 COMPILER V9.00, COMPILATION OF MODULE TIM
OBJECT MODULE PLACED IN TIM.obj
COMPILER INVOKED BY: D:\Keil\C51\BIN\C51.EXE user\lib\TIM.c BROWSE DEBUG OBJECTEXTEND PRINT(.\TIM.lst) OBJECT(TIM.obj)

line level    source

   1          /*  Includes  ----------------------------------------- */
   2                  #include <STC12C5A60S2.h>
   3                  #include "TIM.h"
   4          
   5          /*  Function protype  --------------------------------- */
   6          void TIM0Init(void)             //100微秒@22.1184MHz
   7          {
   8   1              AUXR |= 0x80;           //定时器时钟1T模式
   9   1              TMOD &= 0xF0;           //设置定时器模式
  10   1              TMOD |= 0x01;           //设置定时器模式
  11   1              TL0 = 0x5C;             //设置定时初值
  12   1              TH0 = 0xF7;             //设置定时初值
  13   1              TF0 = 0;                //清除TF0标志
  14   1              TR0 = 1;                //定时器0开始计时
  15   1      }


MODULE INFORMATION:   STATIC OVERLAYABLE
   CODE SIZE        =     20    ----
   CONSTANT SIZE    =   ----    ----
   XDATA SIZE       =   ----    ----
   PDATA SIZE       =   ----    ----
   DATA SIZE        =   ----    ----
   IDATA SIZE       =   ----    ----
   BIT SIZE         =   ----    ----
END OF MODULE INFORMATION.


C51 COMPILATION COMPLETE.  0 WARNING(S),  0 ERROR(S)
